{"stats": {"errors": 0, "failures": 1, "passes": 0, "skipped": 0, "encoding": "UTF-8", "total": 1}, "results": [{"classname": "index_test:HelperTest", "name": "test_merkle_root", "time": 0.0003139972686767578, "type": "failure", "errtype": "builtins.AssertionError", "message": "'acbcab8bcc1af95d8d563b77d24c3d19b18f1486[20 chars]eed6' != b'\\xac\\xbc\\xab\\x8b\\xcc\\x1a\\xf9]\\x8dV;w\\xd[50 chars]\\xd6'", "tb": "Traceback (most recent call last):\n  File \"/opt/conda/lib/python3.6/unittest/case.py\", line 59, in testPartExecutor\n    yield\n  File \"/opt/conda/lib/python3.6/unittest/case.py\", line 605, in run\n    testMethod()\n  File \"/home/adamjonas/merkle-root-jsong-pb-denver-070918/test/index_test.py\", line 24, in test_merkle_root\n    self.assertEqual(merkle_root(tx_hashes), want_hash)\n  File \"/opt/conda/lib/python3.6/unittest/case.py\", line 829, in assertEqual\n    assertion_func(first, second, msg=msg)\n  File \"/opt/conda/lib/python3.6/unittest/case.py\", line 822, in _baseAssertEqual\n    raise self.failureException(msg)\nAssertionError: 'acbcab8bcc1af95d8d563b77d24c3d19b18f1486[20 chars]eed6' != b'\\xac\\xbc\\xab\\x8b\\xcc\\x1a\\xf9]\\x8dV;w\\xd[50 chars]\\xd6'\n"}]}